<?xml version="1.0" encoding="UTF-8"?>
<testsuites name="Test Plan: Smoke" tests="5" time="1.136">
  <testsuite name="Setup / Login" id="5d0dc4cf-4c3c-47c0-b3ea-fa22449fe04c" timestamp="2025-01-15T02:34:13.782Z" tests="1" failures="0" errors="0" time="0.617">
    <testcase name="Status code is 200" time="0.617" classname="SetupLogin"/>
  </testsuite>
  <testsuite name="Add Books / TC1: Validar agregar libro cuando se proporciona un Libro existente [Code: 201] / Obtener Libros de la Tienda" id="fd5c47eb-a9f0-4ae8-bf24-c4a819acfb5b" timestamp="2025-01-15T02:34:13.782Z" tests="2" failures="0" errors="0" time="0.086">
    <testcase name="Should Status code to be 200" time="0.086" classname="AddBooksTc1ValidarAgregarLibroCuandoSeProporcionaUnLibroExistenteCode201ObtenerLibrosDeLaTienda"/>
    <testcase name="should have at least 1 book in collection" time="0.086" classname="AddBooksTc1ValidarAgregarLibroCuandoSeProporcionaUnLibroExistenteCode201ObtenerLibrosDeLaTienda"/>
  </testsuite>
  <testsuite name="Add Books / TC1: Validar agregar libro cuando se proporciona un Libro existente [Code: 201] / Agregar 1 Libro a la Collection" id="ed2096ae-ad21-4672-80f1-1a37b50ee415" timestamp="2025-01-15T02:34:13.782Z" tests="3" failures="3" errors="0" time="0.160">
    <testcase name="Status code is 201" time="0.160" classname="AddBooksTc1ValidarAgregarLibroCuandoSeProporcionaUnLibroExistenteCode201Agregar1LibroALaCollection">
      <failure type="AssertionFailure" message="expected response to have status code 201 but got 401">
        <![CDATA[Failed 1 times.]]>
        <![CDATA[Collection JSON ID: a9815759-fcc7-49ec-85f4-2567e2e2c0a9.]]>
        <![CDATA[Collection name: Test Plan: Smoke.]]>
        <![CDATA[Request name: Add Books / TC1: Validar agregar libro cuando se proporciona un Libro existente [Code: 201] / Agregar 1 Libro a la Collection.]]>
        <![CDATA[Test description: Status code is 201.]]>
        <![CDATA[Error message: expected response to have status code 201 but got 401.]]>
        <![CDATA[Stacktrace: AssertionError: expected response to have status code 201 but got 401
   at Object.eval sandbox-script.js:1:3).]]>
      </failure>
    </testcase>
    <testcase name="Should have only 1 book as response" time="0.160" classname="AddBooksTc1ValidarAgregarLibroCuandoSeProporcionaUnLibroExistenteCode201Agregar1LibroALaCollection">
      <failure type="AssertionFailure" message="expected undefined to be an array">
        <![CDATA[Failed 1 times.]]>
        <![CDATA[Collection JSON ID: a9815759-fcc7-49ec-85f4-2567e2e2c0a9.]]>
        <![CDATA[Collection name: Test Plan: Smoke.]]>
        <![CDATA[Request name: Add Books / TC1: Validar agregar libro cuando se proporciona un Libro existente [Code: 201] / Agregar 1 Libro a la Collection.]]>
        <![CDATA[Test description: Should have only 1 book as response.]]>
        <![CDATA[Error message: expected undefined to be an array.]]>
        <![CDATA[Stacktrace: AssertionError: expected undefined to be an array
   at Object.eval sandbox-script.js:2:3).]]>
      </failure>
    </testcase>
    <testcase name="Should have the same book than the added one" time="0.160" classname="AddBooksTc1ValidarAgregarLibroCuandoSeProporcionaUnLibroExistenteCode201Agregar1LibroALaCollection">
      <failure type="AssertionFailure" message="Cannot read properties of undefined (reading 'map')">
        <![CDATA[Failed 1 times.]]>
        <![CDATA[Collection JSON ID: a9815759-fcc7-49ec-85f4-2567e2e2c0a9.]]>
        <![CDATA[Collection name: Test Plan: Smoke.]]>
        <![CDATA[Request name: Add Books / TC1: Validar agregar libro cuando se proporciona un Libro existente [Code: 201] / Agregar 1 Libro a la Collection.]]>
        <![CDATA[Test description: Should have the same book than the added one.]]>
        <![CDATA[Error message: Cannot read properties of undefined (reading 'map').]]>
        <![CDATA[Stacktrace: TypeError: Cannot read properties of undefined (reading 'map')
   at Object.eval sandbox-script.js:3:3).]]>
      </failure>
    </testcase>
  </testsuite>
  <testsuite name="Add Books / TC1: Validar agregar libro cuando se proporciona un Libro existente [Code: 201] / Obtener Libros de la Tienda" id="6ffe147e-e118-408d-8c39-f2e029f92244" timestamp="2025-01-15T02:34:13.782Z" tests="3" failures="3" errors="0" time="0.138">
    <testcase name="Should Status code to be 200" time="0.138" classname="AddBooksTc1ValidarAgregarLibroCuandoSeProporcionaUnLibroExistenteCode201ObtenerLibrosDeLaTienda">
      <failure type="AssertionFailure" message="expected response to have status code 200 but got 401">
        <![CDATA[Failed 1 times.]]>
        <![CDATA[Collection JSON ID: a9815759-fcc7-49ec-85f4-2567e2e2c0a9.]]>
        <![CDATA[Collection name: Test Plan: Smoke.]]>
        <![CDATA[Request name: Add Books / TC1: Validar agregar libro cuando se proporciona un Libro existente [Code: 201] / Obtener Libros de la Tienda.]]>
        <![CDATA[Test description: Should Status code to be 200.]]>
        <![CDATA[Error message: expected response to have status code 200 but got 401.]]>
        <![CDATA[Stacktrace: AssertionError: expected response to have status code 200 but got 401
   at Object.eval sandbox-script.js:1:4).]]>
      </failure>
    </testcase>
    <testcase name="Should have at least 1 book in collection" time="0.138" classname="AddBooksTc1ValidarAgregarLibroCuandoSeProporcionaUnLibroExistenteCode201ObtenerLibrosDeLaTienda">
      <failure type="AssertionFailure" message="expected null to be an array">
        <![CDATA[Failed 1 times.]]>
        <![CDATA[Collection JSON ID: a9815759-fcc7-49ec-85f4-2567e2e2c0a9.]]>
        <![CDATA[Collection name: Test Plan: Smoke.]]>
        <![CDATA[Request name: Add Books / TC1: Validar agregar libro cuando se proporciona un Libro existente [Code: 201] / Obtener Libros de la Tienda.]]>
        <![CDATA[Test description: Should have at least 1 book in collection.]]>
        <![CDATA[Error message: expected null to be an array.]]>
        <![CDATA[Stacktrace: AssertionError: expected null to be an array
   at Object.eval sandbox-script.js:2:4).]]>
      </failure>
    </testcase>
    <testcase name="Should have the added book in collection" time="0.138" classname="AddBooksTc1ValidarAgregarLibroCuandoSeProporcionaUnLibroExistenteCode201ObtenerLibrosDeLaTienda">
      <failure type="AssertionFailure" message="Cannot read properties of null (reading 'find')">
        <![CDATA[Failed 1 times.]]>
        <![CDATA[Collection JSON ID: a9815759-fcc7-49ec-85f4-2567e2e2c0a9.]]>
        <![CDATA[Collection name: Test Plan: Smoke.]]>
        <![CDATA[Request name: Add Books / TC1: Validar agregar libro cuando se proporciona un Libro existente [Code: 201] / Obtener Libros de la Tienda.]]>
        <![CDATA[Test description: Should have the added book in collection.]]>
        <![CDATA[Error message: Cannot read properties of null (reading 'find').]]>
        <![CDATA[Stacktrace: TypeError: Cannot read properties of null (reading 'find')
   at Object.eval sandbox-script.js:3:4).]]>
      </failure>
    </testcase>
  </testsuite>
  <testsuite name="Add Books / TC1: Validar agregar libro cuando se proporciona un Libro existente [Code: 201] / Clean Collection" id="c676e736-4484-441b-9c1c-dfeebaf1bad5" timestamp="2025-01-15T02:34:13.782Z" tests="2" failures="2" errors="0" time="0.135">
    <testcase name="Status code is 204" time="0.135" classname="AddBooksTc1ValidarAgregarLibroCuandoSeProporcionaUnLibroExistenteCode201CleanCollection">
      <failure type="AssertionFailure" message="expected response to have status code 204 but got 401">
        <![CDATA[Failed 1 times.]]>
        <![CDATA[Collection JSON ID: a9815759-fcc7-49ec-85f4-2567e2e2c0a9.]]>
        <![CDATA[Collection name: Test Plan: Smoke.]]>
        <![CDATA[Request name: Add Books / TC1: Validar agregar libro cuando se proporciona un Libro existente [Code: 201] / Clean Collection.]]>
        <![CDATA[Test description: Status code is 204.]]>
        <![CDATA[Error message: expected response to have status code 204 but got 401.]]>
        <![CDATA[Stacktrace: AssertionError: expected response to have status code 204 but got 401
   at Object.eval sandbox-script.js:1:5).]]>
      </failure>
    </testcase>
    <testcase name="Response body is empty" time="0.135" classname="AddBooksTc1ValidarAgregarLibroCuandoSeProporcionaUnLibroExistenteCode201CleanCollection">
      <failure type="AssertionFailure" message="expected '{&quot;code&quot;:&quot;1200&quot;,&quot;message&quot;:&quot;Token expir…' to be empty">
        <![CDATA[Failed 1 times.]]>
        <![CDATA[Collection JSON ID: a9815759-fcc7-49ec-85f4-2567e2e2c0a9.]]>
        <![CDATA[Collection name: Test Plan: Smoke.]]>
        <![CDATA[Request name: Add Books / TC1: Validar agregar libro cuando se proporciona un Libro existente [Code: 201] / Clean Collection.]]>
        <![CDATA[Test description: Response body is empty.]]>
        <![CDATA[Error message: expected '{"code":"1200","message":"Token expir…' to be empty.]]>
        <![CDATA[Stacktrace: AssertionError: expected '{"code":"1200","message":"Token expir…' to be empty
   at Object.eval sandbox-script.js:2:5).]]>
      </failure>
    </testcase>
  </testsuite>
</testsuites>